# JRE version: Java(TM) SE Runtime Environment (8.0_20-b26) (build 1.8.0_20-b26)
# Java VM: Java HotSpot(TM) 64-Bit Server VM (25.20-b23 mixed mode windows-amd64 compressed oops)
Heap:
 PSYoungGen      total 135680K, used 53548K [0x00000000eb580000, 0x00000000f6200000, 0x0000000100000000)
  eden space 114176K, 34% used [0x00000000eb580000,0x00000000edc72880,0x00000000f2500000)
  from space 21504K, 63% used [0x00000000f2500000,0x00000000f3258b20,0x00000000f3a00000)
  to   space 22016K, 0% used [0x00000000f4c80000,0x00000000f4c80000,0x00000000f6200000)
 ParOldGen       total 94720K, used 49726K [0x00000000c2000000, 0x00000000c7c80000, 0x00000000eb580000)
  object space 94720K, 52% used [0x00000000c2000000,0x00000000c508f898,0x00000000c7c80000)
 Metaspace       used 31138K, capacity 31916K, committed 32256K, reserved 1077248K
  class space    used 3480K, capacity 3765K, committed 3840K, reserved 1048576K
GC Heap History (10 events):
Event: 40.513 GC heap before
{Heap before GC invocations=15 (full 1):
 PSYoungGen      total 84480K, used 84451K [0x00000000eb580000, 0x00000000f3980000, 0x0000000100000000)
  eden space 70656K, 100% used [0x00000000eb580000,0x00000000efa80000,0x00000000efa80000)
  from space 13824K, 99% used [0x00000000efa80000,0x00000000f07f8e48,0x00000000f0800000)
  to   space 20480K, 0% used [0x00000000f2580000,0x00000000f2580000,0x00000000f3980000)
 ParOldGen       total 47104K, used 32214K [0x00000000c2000000, 0x00000000c4e00000, 0x00000000eb580000)
  object space 47104K, 68% used [0x00000000c2000000,0x00000000c3f75bf0,0x00000000c4e00000)
 Metaspace       used 29014K, capacity 29574K, committed 29696K, reserved 1075200K
  class space    used 3311K, capacity 3517K, committed 3584K, reserved 1048576K
Event: 40.536 GC heap after
Heap after GC invocations=15 (full 1):
 PSYoungGen      total 112640K, used 17327K [0x00000000eb580000, 0x00000000f3e80000, 0x0000000100000000)
  eden space 92160K, 0% used [0x00000000eb580000,0x00000000eb580000,0x00000000f0f80000)
  from space 20480K, 84% used [0x00000000f2580000,0x00000000f366bc00,0x00000000f3980000)
  to   space 22528K, 0% used [0x00000000f0f80000,0x00000000f0f80000,0x00000000f2580000)
 ParOldGen       total 47104K, used 35376K [0x00000000c2000000, 0x00000000c4e00000, 0x00000000eb580000)
  object space 47104K, 75% used [0x00000000c2000000,0x00000000c428c2a0,0x00000000c4e00000)
 Metaspace       used 29014K, capacity 29574K, committed 29696K, reserved 1075200K
  class space    used 3311K, capacity 3517K, committed 3584K, reserved 1048576K
}
Event: 41.306 GC heap before
{Heap before GC invocations=16 (full 1):
 PSYoungGen      total 112640K, used 109487K [0x00000000eb580000, 0x00000000f3e80000, 0x0000000100000000)
  eden space 92160K, 100% used [0x00000000eb580000,0x00000000f0f80000,0x00000000f0f80000)
  from space 20480K, 84% used [0x00000000f2580000,0x00000000f366bc00,0x00000000f3980000)
  to   space 22528K, 0% used [0x00000000f0f80000,0x00000000f0f80000,0x00000000f2580000)
 ParOldGen       total 47104K, used 35376K [0x00000000c2000000, 0x00000000c4e00000, 0x00000000eb580000)
  object space 47104K, 75% used [0x00000000c2000000,0x00000000c428c2a0,0x00000000c4e00000)
 Metaspace       used 29519K, capacity 30278K, committed 30464K, reserved 1077248K
  class space    used 3360K, capacity 3565K, committed 3584K, reserved 1048576K
Event: 41.323 GC heap after
Heap after GC invocations=16 (full 1):
 PSYoungGen      total 114688K, used 7534K [0x00000000eb580000, 0x00000000f5d00000, 0x0000000100000000)
  eden space 92160K, 0% used [0x00000000eb580000,0x00000000eb580000,0x00000000f0f80000)
  from space 22528K, 33% used [0x00000000f0f80000,0x00000000f16dba08,0x00000000f2580000)
  to   space 21504K, 0% used [0x00000000f4800000,0x00000000f4800000,0x00000000f5d00000)
 ParOldGen       total 47104K, used 45869K [0x00000000c2000000, 0x00000000c4e00000, 0x00000000eb580000)
  object space 47104K, 97% used [0x00000000c2000000,0x00000000c4ccb558,0x00000000c4e00000)
 Metaspace       used 29519K, capacity 30278K, committed 30464K, reserved 1077248K
  class space    used 3360K, capacity 3565K, committed 3584K, reserved 1048576K
}
Event: 41.324 GC heap before
{Heap before GC invocations=17 (full 2):
 PSYoungGen      total 114688K, used 7534K [0x00000000eb580000, 0x00000000f5d00000, 0x0000000100000000)
  eden space 92160K, 0% used [0x00000000eb580000,0x00000000eb580000,0x00000000f0f80000)
  from space 22528K, 33% used [0x00000000f0f80000,0x00000000f16dba08,0x00000000f2580000)
  to   space 21504K, 0% used [0x00000000f4800000,0x00000000f4800000,0x00000000f5d00000)
 ParOldGen       total 47104K, used 45869K [0x00000000c2000000, 0x00000000c4e00000, 0x00000000eb580000)
  object space 47104K, 97% used [0x00000000c2000000,0x00000000c4ccb558,0x00000000c4e00000)
 Metaspace       used 29519K, capacity 30278K, committed 30464K, reserved 1077248K
  class space    used 3360K, capacity 3565K, committed 3584K, reserved 1048576K
Event: 41.905 GC heap after
Heap after GC invocations=17 (full 2):
 PSYoungGen      total 114688K, used 3264K [0x00000000eb580000, 0x00000000f5d00000, 0x0000000100000000)
  eden space 92160K, 0% used [0x00000000eb580000,0x00000000eb580000,0x00000000f0f80000)
  from space 22528K, 14% used [0x00000000f0f80000,0x00000000f12b0230,0x00000000f2580000)
  to   space 21504K, 0% used [0x00000000f4800000,0x00000000f4800000,0x00000000f5d00000)
 ParOldGen       total 94720K, used 46605K [0x00000000c2000000, 0x00000000c7c80000, 0x00000000eb580000)
  object space 94720K, 49% used [0x00000000c2000000,0x00000000c4d83678,0x00000000c7c80000)
 Metaspace       used 29519K, capacity 30278K, committed 30464K, reserved 1077248K
  class space    used 3360K, capacity 3565K, committed 3584K, reserved 1048576K
}
Event: 43.132 GC heap before
{Heap before GC invocations=18 (full 2):
 PSYoungGen      total 114688K, used 95424K [0x00000000eb580000, 0x00000000f5d00000, 0x0000000100000000)
  eden space 92160K, 100% used [0x00000000eb580000,0x00000000f0f80000,0x00000000f0f80000)
  from space 22528K, 14% used [0x00000000f0f80000,0x00000000f12b0230,0x00000000f2580000)
  to   space 21504K, 0% used [0x00000000f4800000,0x00000000f4800000,0x00000000f5d00000)
 ParOldGen       total 94720K, used 46605K [0x00000000c2000000, 0x00000000c7c80000, 0x00000000eb580000)
  object space 94720K, 49% used [0x00000000c2000000,0x00000000c4d83678,0x00000000c7c80000)
 Metaspace       used 29699K, capacity 30444K, committed 30720K, reserved 1077248K
  class space    used 3367K, capacity 3573K, committed 3584K, reserved 1048576K
Event: 43.148 GC heap after
Heap after GC invocations=18 (full 2):
 PSYoungGen      total 121344K, used 3369K [0x00000000eb580000, 0x00000000f4f00000, 0x0000000100000000)
  eden space 114176K, 0% used [0x00000000eb580000,0x00000000eb580000,0x00000000f2500000)
  from space 7168K, 47% used [0x00000000f4800000,0x00000000f4b4a4a0,0x00000000f4f00000)
  to   space 21504K, 0% used [0x00000000f2500000,0x00000000f2500000,0x00000000f3a00000)
 ParOldGen       total 94720K, used 49718K [0x00000000c2000000, 0x00000000c7c80000, 0x00000000eb580000)
  object space 94720K, 52% used [0x00000000c2000000,0x00000000c508d898,0x00000000c7c80000)
 Metaspace       used 29699K, capacity 30444K, committed 30720K, reserved 1077248K
  class space    used 3367K, capacity 3573K, committed 3584K, reserved 1048576K
}
Event: 45.364 GC heap before
{Heap before GC invocations=19 (full 2):
 PSYoungGen      total 121344K, used 117545K [0x00000000eb580000, 0x00000000f4f00000, 0x0000000100000000)
  eden space 114176K, 100% used [0x00000000eb580000,0x00000000f2500000,0x00000000f2500000)
  from space 7168K, 47% used [0x00000000f4800000,0x00000000f4b4a4a0,0x00000000f4f00000)
  to   space 21504K, 0% used [0x00000000f2500000,0x00000000f2500000,0x00000000f3a00000)
 ParOldGen       total 94720K, used 49718K [0x00000000c2000000, 0x00000000c7c80000, 0x00000000eb580000)
  object space 94720K, 52% used [0x00000000c2000000,0x00000000c508d898,0x00000000c7c80000)
 Metaspace       used 29902K, capacity 30636K, committed 30720K, reserved 1077248K
  class space    used 3367K, capacity 3573K, committed 3584K, reserved 1048576K
Event: 45.386 GC heap after
Heap after GC invocations=19 (full 2):
 PSYoungGen      total 135680K, used 13666K [0x00000000eb580000, 0x00000000f6200000, 0x0000000100000000)
  eden space 114176K, 0% used [0x00000000eb580000,0x00000000eb580000,0x00000000f2500000)
  from space 21504K, 63% used [0x00000000f2500000,0x00000000f3258b20,0x00000000f3a00000)
  to   space 22016K, 0% used [0x00000000f4c80000,0x00000000f4c80000,0x00000000f6200000)
 ParOldGen       total 94720K, used 49726K [0x00000000c2000000, 0x00000000c7c80000, 0x00000000eb580000)
  object space 94720K, 52% used [0x00000000c2000000,0x00000000c508f898,0x00000000c7c80000)
 Metaspace       used 29902K, capacity 30636K, committed 30720K, reserved 1077248K
  class space    used 3367K, capacity 3573K, committed 3584K, reserved 1048576K
}

